2025-08-07 15:07:21 [error]: uncaughtException: write EPIPE
Error: write EPIPE
    at afterWriteDispatched (node:internal/stream_base_commons:159:15)
    at writeGeneric (node:internal/stream_base_commons:150:3)
    at Socket._writeGeneric (node:net:971:11)
    at Socket._write (node:net:983:8)
    at writeOrBuffer (node:internal/streams/writable:572:12)
    at _write (node:internal/streams/writable:501:10)
    at Writable.write (node:internal/streams/writable:510:10)
    at Console.log (C:\Users\GS Computer\Downloads\bot\node_modules\winston\lib\winston\transports\console.js:87:23)
    at Console._write (C:\Users\GS Computer\Downloads\bot\node_modules\winston-transport\modern.js:103:17)
    at doWrite (C:\Users\GS Computer\Downloads\bot\node_modules\winston-transport\node_modules\readable-stream\lib\_stream_writable.js:390:139)
    at writeOrBuffer (C:\Users\GS Computer\Downloads\bot\node_modules\winston-transport\node_modules\readable-stream\lib\_stream_writable.js:381:5)
    at Writable.write (C:\Users\GS Computer\Downloads\bot\node_modules\winston-transport\node_modules\readable-stream\lib\_stream_writable.js:302:11)
    at DerivedLogger.ondata (C:\Users\GS Computer\Downloads\bot\node_modules\winston\node_modules\readable-stream\lib\_stream_readable.js:629:20)
    at DerivedLogger.emit (node:events:530:35)
    at addChunk (C:\Users\GS Computer\Downloads\bot\node_modules\winston\node_modules\readable-stream\lib\_stream_readable.js:279:12)
    at readableAddChunk (C:\Users\GS Computer\Downloads\bot\node_modules\winston\node_modules\readable-stream\lib\_stream_readable.js:262:11)
    at Readable.push (C:\Users\GS Computer\Downloads\bot\node_modules\winston\node_modules\readable-stream\lib\_stream_readable.js:228:10)
    at Transform.push (C:\Users\GS Computer\Downloads\bot\node_modules\winston\node_modules\readable-stream\lib\_stream_transform.js:132:32)
    at DerivedLogger._transform (C:\Users\GS Computer\Downloads\bot\node_modules\winston\lib\winston\logger.js:314:12)
    at Transform._read (C:\Users\GS Computer\Downloads\bot\node_modules\winston\node_modules\readable-stream\lib\_stream_transform.js:166:10)
    at Transform._write (C:\Users\GS Computer\Downloads\bot\node_modules\winston\node_modules\readable-stream\lib\_stream_transform.js:155:83)
    at doWrite (C:\Users\GS Computer\Downloads\bot\node_modules\winston\node_modules\readable-stream\lib\_stream_writable.js:390:139)
    at Error: write EPIPE
    at afterWriteDispatched (node:internal/stream_base_commons:159:15)
    at writeGeneric (node:internal/stream_base_commons:150:3)
    at Socket._writeGeneric (node:net:971:11)
    at Socket._write (node:net:983:8)
    at writeOrBuffer (node:internal/streams/writable:572:12)
    at _write (node:internal/streams/writable:501:10)
    at Writable.write (node:internal/streams/writable:510:10)
    at Console.log (C:\Users\GS Computer\Downloads\bot\node_modules\winston\lib\winston\transports\console.js:87:23)
    at Console._write (C:\Users\GS Computer\Downloads\bot\node_modules\winston-transport\modern.js:103:17)
    at doWrite (C:\Users\GS Computer\Downloads\bot\node_modules\winston-transport\node_modules\readable-stream\lib\_stream_writable.js:390:139)
    at writeOrBuffer (C:\Users\GS Computer\Downloads\bot\node_modules\winston-transport\node_modules\readable-stream\lib\_stream_writable.js:381:5)
    at Writable.write (C:\Users\GS Computer\Downloads\bot\node_modules\winston-transport\node_modules\readable-stream\lib\_stream_writable.js:302:11)
    at DerivedLogger.ondata (C:\Users\GS Computer\Downloads\bot\node_modules\winston\node_modules\readable-stream\lib\_stream_readable.js:629:20)
    at DerivedLogger.emit (node:events:530:35)
    at addChunk (C:\Users\GS Computer\Downloads\bot\node_modules\winston\node_modules\readable-stream\lib\_stream_readable.js:279:12)
    at readableAddChunk (C:\Users\GS Computer\Downloads\bot\node_modules\winston\node_modules\readable-stream\lib\_stream_readable.js:262:11)
    at Readable.push (C:\Users\GS Computer\Downloads\bot\node_modules\winston\node_modules\readable-stream\lib\_stream_readable.js:228:10)
    at Transform.push (C:\Users\GS Computer\Downloads\bot\node_modules\winston\node_modules\readable-stream\lib\_stream_transform.js:132:32)
    at DerivedLogger._transform (C:\Users\GS Computer\Downloads\bot\node_modules\winston\lib\winston\logger.js:314:12)
    at Transform._read (C:\Users\GS Computer\Downloads\bot\node_modules\winston\node_modules\readable-stream\lib\_stream_transform.js:166:10)
    at Transform._write (C:\Users\GS Computer\Downloads\bot\node_modules\winston\node_modules\readable-stream\lib\_stream_transform.js:155:83)
    at doWrite (C:\Users\GS Computer\Downloads\bot\node_modules\winston\node_modules\readable-stream\lib\_stream_writable.js:390:139)
2026-01-01 01:35:26 [error]: uncaughtException: require() of ES Module /home/user/botfont-/node_modules/lowdb/lib/index.js from /home/user/botfont-/services/dbService.js not supported.
Instead change the require of index.js in /home/user/botfont-/services/dbService.js to a dynamic import() which is available in all CommonJS modules.
Error [ERR_REQUIRE_ESM]: require() of ES Module /home/user/botfont-/node_modules/lowdb/lib/index.js from /home/user/botfont-/services/dbService.js not supported.
Instead change the require of index.js in /home/user/botfont-/services/dbService.js to a dynamic import() which is available in all CommonJS modules.
    at Object.<anonymous> (/home/user/botfont-/services/dbService.js:3:17)
    at Object.<anonymous> (/home/user/botfont-/index.js:5:12)
    at Error [ERR_REQUIRE_ESM]: require() of ES Module /home/user/botfont-/node_modules/lowdb/lib/index.js from /home/user/botfont-/services/dbService.js not supported.
    at Instead change the require of index.js in /home/user/botfont-/services/dbService.js to a dynamic import() which is available in all CommonJS modules.
    at Object.<anonymous> (/home/user/botfont-/services/dbService.js:3:17)
    at Object.<anonymous> (/home/user/botfont-/index.js:5:12)
2026-01-01 01:36:29 [error]: uncaughtException: /home/user/botfont-/node_modules/canvas/build/Release/canvas.node: invalid ELF header
Error: /home/user/botfont-/node_modules/canvas/build/Release/canvas.node: invalid ELF header
    at Module._extensions..node (node:internal/modules/cjs/loader:1651:18)
    at Module.load (node:internal/modules/cjs/loader:1275:32)
    at Module._load (node:internal/modules/cjs/loader:1096:12)
    at Module.require (node:internal/modules/cjs/loader:1298:19)
    at require (node:internal/modules/helpers:182:18)
    at Object.<anonymous> (/home/user/botfont-/node_modules/canvas/lib/bindings.js:3:18)
    at Module._compile (node:internal/modules/cjs/loader:1529:14)
    at Module._extensions..js (node:internal/modules/cjs/loader:1613:10)
    at Module.load (node:internal/modules/cjs/loader:1275:32)
    at Module._load (node:internal/modules/cjs/loader:1096:12)
    at Module.require (node:internal/modules/cjs/loader:1298:19)
    at require (node:internal/modules/helpers:182:18)
    at Object.<anonymous> (/home/user/botfont-/node_modules/canvas/lib/canvas.js:9:18)
    at Module._compile (node:internal/modules/cjs/loader:1529:14)
    at Module._extensions..js (node:internal/modules/cjs/loader:1613:10)
    at Module.load (node:internal/modules/cjs/loader:1275:32)
    at Module._load (node:internal/modules/cjs/loader:1096:12)
    at Module.require (node:internal/modules/cjs/loader:1298:19)
    at require (node:internal/modules/helpers:182:18)
    at Object.<anonymous> (/home/user/botfont-/node_modules/canvas/index.js:1:16)
    at Module._compile (node:internal/modules/cjs/loader:1529:14)
    at Module._extensions..js (node:internal/modules/cjs/loader:1613:10)
    at Error: /home/user/botfont-/node_modules/canvas/build/Release/canvas.node: invalid ELF header
    at Module._extensions..node (node:internal/modules/cjs/loader:1651:18)
    at Module.load (node:internal/modules/cjs/loader:1275:32)
    at Module._load (node:internal/modules/cjs/loader:1096:12)
    at Module.require (node:internal/modules/cjs/loader:1298:19)
    at require (node:internal/modules/helpers:182:18)
    at Object.<anonymous> (/home/user/botfont-/node_modules/canvas/lib/bindings.js:3:18)
    at Module._compile (node:internal/modules/cjs/loader:1529:14)
    at Module._extensions..js (node:internal/modules/cjs/loader:1613:10)
    at Module.load (node:internal/modules/cjs/loader:1275:32)
    at Module._load (node:internal/modules/cjs/loader:1096:12)
    at Module.require (node:internal/modules/cjs/loader:1298:19)
    at require (node:internal/modules/helpers:182:18)
    at Object.<anonymous> (/home/user/botfont-/node_modules/canvas/lib/canvas.js:9:18)
    at Module._compile (node:internal/modules/cjs/loader:1529:14)
    at Module._extensions..js (node:internal/modules/cjs/loader:1613:10)
    at Module.load (node:internal/modules/cjs/loader:1275:32)
    at Module._load (node:internal/modules/cjs/loader:1096:12)
    at Module.require (node:internal/modules/cjs/loader:1298:19)
    at require (node:internal/modules/helpers:182:18)
    at Object.<anonymous> (/home/user/botfont-/node_modules/canvas/index.js:1:16)
    at Module._compile (node:internal/modules/cjs/loader:1529:14)
    at Module._extensions..js (node:internal/modules/cjs/loader:1613:10)
2026-01-01 01:39:18 [error]: uncaughtException: /home/user/botfont-/node_modules/canvas/build/Release/canvas.node: invalid ELF header
Error: /home/user/botfont-/node_modules/canvas/build/Release/canvas.node: invalid ELF header
    at Module._extensions..node (node:internal/modules/cjs/loader:1651:18)
    at Module.load (node:internal/modules/cjs/loader:1275:32)
    at Module._load (node:internal/modules/cjs/loader:1096:12)
    at Module.require (node:internal/modules/cjs/loader:1298:19)
    at require (node:internal/modules/helpers:182:18)
    at Object.<anonymous> (/home/user/botfont-/node_modules/canvas/lib/bindings.js:3:18)
    at Module._compile (node:internal/modules/cjs/loader:1529:14)
    at Module._extensions..js (node:internal/modules/cjs/loader:1613:10)
    at Module.load (node:internal/modules/cjs/loader:1275:32)
    at Module._load (node:internal/modules/cjs/loader:1096:12)
    at Module.require (node:internal/modules/cjs/loader:1298:19)
    at require (node:internal/modules/helpers:182:18)
    at Object.<anonymous> (/home/user/botfont-/node_modules/canvas/lib/canvas.js:9:18)
    at Module._compile (node:internal/modules/cjs/loader:1529:14)
    at Module._extensions..js (node:internal/modules/cjs/loader:1613:10)
    at Module.load (node:internal/modules/cjs/loader:1275:32)
    at Module._load (node:internal/modules/cjs/loader:1096:12)
    at Module.require (node:internal/modules/cjs/loader:1298:19)
    at require (node:internal/modules/helpers:182:18)
    at Object.<anonymous> (/home/user/botfont-/node_modules/canvas/index.js:1:16)
    at Module._compile (node:internal/modules/cjs/loader:1529:14)
    at Module._extensions..js (node:internal/modules/cjs/loader:1613:10)
    at Error: /home/user/botfont-/node_modules/canvas/build/Release/canvas.node: invalid ELF header
    at Module._extensions..node (node:internal/modules/cjs/loader:1651:18)
    at Module.load (node:internal/modules/cjs/loader:1275:32)
    at Module._load (node:internal/modules/cjs/loader:1096:12)
    at Module.require (node:internal/modules/cjs/loader:1298:19)
    at require (node:internal/modules/helpers:182:18)
    at Object.<anonymous> (/home/user/botfont-/node_modules/canvas/lib/bindings.js:3:18)
    at Module._compile (node:internal/modules/cjs/loader:1529:14)
    at Module._extensions..js (node:internal/modules/cjs/loader:1613:10)
    at Module.load (node:internal/modules/cjs/loader:1275:32)
    at Module._load (node:internal/modules/cjs/loader:1096:12)
    at Module.require (node:internal/modules/cjs/loader:1298:19)
    at require (node:internal/modules/helpers:182:18)
    at Object.<anonymous> (/home/user/botfont-/node_modules/canvas/lib/canvas.js:9:18)
    at Module._compile (node:internal/modules/cjs/loader:1529:14)
    at Module._extensions..js (node:internal/modules/cjs/loader:1613:10)
    at Module.load (node:internal/modules/cjs/loader:1275:32)
    at Module._load (node:internal/modules/cjs/loader:1096:12)
    at Module.require (node:internal/modules/cjs/loader:1298:19)
    at require (node:internal/modules/helpers:182:18)
    at Object.<anonymous> (/home/user/botfont-/node_modules/canvas/index.js:1:16)
    at Module._compile (node:internal/modules/cjs/loader:1529:14)
    at Module._extensions..js (node:internal/modules/cjs/loader:1613:10)
2026-01-01 01:41:20 [error]: uncaughtException: libuuid.so.1: cannot open shared object file: No such file or directory
Error: libuuid.so.1: cannot open shared object file: No such file or directory
    at Module._extensions..node (node:internal/modules/cjs/loader:1651:18)
    at Module.load (node:internal/modules/cjs/loader:1275:32)
    at Module._load (node:internal/modules/cjs/loader:1096:12)
    at Module.require (node:internal/modules/cjs/loader:1298:19)
    at require (node:internal/modules/helpers:182:18)
    at Object.<anonymous> (/home/user/botfont-/node_modules/canvas/lib/bindings.js:3:18)
    at Module._compile (node:internal/modules/cjs/loader:1529:14)
    at Module._extensions..js (node:internal/modules/cjs/loader:1613:10)
    at Module.load (node:internal/modules/cjs/loader:1275:32)
    at Module._load (node:internal/modules/cjs/loader:1096:12)
    at Module.require (node:internal/modules/cjs/loader:1298:19)
    at require (node:internal/modules/helpers:182:18)
    at Object.<anonymous> (/home/user/botfont-/node_modules/canvas/lib/canvas.js:9:18)
    at Module._compile (node:internal/modules/cjs/loader:1529:14)
    at Module._extensions..js (node:internal/modules/cjs/loader:1613:10)
    at Module.load (node:internal/modules/cjs/loader:1275:32)
    at Module._load (node:internal/modules/cjs/loader:1096:12)
    at Module.require (node:internal/modules/cjs/loader:1298:19)
    at require (node:internal/modules/helpers:182:18)
    at Object.<anonymous> (/home/user/botfont-/node_modules/canvas/index.js:1:16)
    at Module._compile (node:internal/modules/cjs/loader:1529:14)
    at Module._extensions..js (node:internal/modules/cjs/loader:1613:10)
    at Error: libuuid.so.1: cannot open shared object file: No such file or directory
    at Module._extensions..node (node:internal/modules/cjs/loader:1651:18)
    at Module.load (node:internal/modules/cjs/loader:1275:32)
    at Module._load (node:internal/modules/cjs/loader:1096:12)
    at Module.require (node:internal/modules/cjs/loader:1298:19)
    at require (node:internal/modules/helpers:182:18)
    at Object.<anonymous> (/home/user/botfont-/node_modules/canvas/lib/bindings.js:3:18)
    at Module._compile (node:internal/modules/cjs/loader:1529:14)
    at Module._extensions..js (node:internal/modules/cjs/loader:1613:10)
    at Module.load (node:internal/modules/cjs/loader:1275:32)
    at Module._load (node:internal/modules/cjs/loader:1096:12)
    at Module.require (node:internal/modules/cjs/loader:1298:19)
    at require (node:internal/modules/helpers:182:18)
    at Object.<anonymous> (/home/user/botfont-/node_modules/canvas/lib/canvas.js:9:18)
    at Module._compile (node:internal/modules/cjs/loader:1529:14)
    at Module._extensions..js (node:internal/modules/cjs/loader:1613:10)
    at Module.load (node:internal/modules/cjs/loader:1275:32)
    at Module._load (node:internal/modules/cjs/loader:1096:12)
    at Module.require (node:internal/modules/cjs/loader:1298:19)
    at require (node:internal/modules/helpers:182:18)
    at Object.<anonymous> (/home/user/botfont-/node_modules/canvas/index.js:1:16)
    at Module._compile (node:internal/modules/cjs/loader:1529:14)
    at Module._extensions..js (node:internal/modules/cjs/loader:1613:10)
2026-01-01 01:52:35 [error]: uncaughtException: libuuid.so.1: cannot open shared object file: No such file or directory
Error: libuuid.so.1: cannot open shared object file: No such file or directory
    at Module._extensions..node (node:internal/modules/cjs/loader:1651:18)
    at Module.load (node:internal/modules/cjs/loader:1275:32)
    at Module._load (node:internal/modules/cjs/loader:1096:12)
    at Module.require (node:internal/modules/cjs/loader:1298:19)
    at require (node:internal/modules/helpers:182:18)
    at Object.<anonymous> (/home/user/botfont-/node_modules/canvas/lib/bindings.js:3:18)
    at Module._compile (node:internal/modules/cjs/loader:1529:14)
    at Module._extensions..js (node:internal/modules/cjs/loader:1613:10)
    at Module.load (node:internal/modules/cjs/loader:1275:32)
    at Module._load (node:internal/modules/cjs/loader:1096:12)
    at Module.require (node:internal/modules/cjs/loader:1298:19)
    at require (node:internal/modules/helpers:182:18)
    at Object.<anonymous> (/home/user/botfont-/node_modules/canvas/lib/canvas.js:9:18)
    at Module._compile (node:internal/modules/cjs/loader:1529:14)
    at Module._extensions..js (node:internal/modules/cjs/loader:1613:10)
    at Module.load (node:internal/modules/cjs/loader:1275:32)
    at Module._load (node:internal/modules/cjs/loader:1096:12)
    at Module.require (node:internal/modules/cjs/loader:1298:19)
    at require (node:internal/modules/helpers:182:18)
    at Object.<anonymous> (/home/user/botfont-/node_modules/canvas/index.js:1:16)
    at Module._compile (node:internal/modules/cjs/loader:1529:14)
    at Module._extensions..js (node:internal/modules/cjs/loader:1613:10)
    at Error: libuuid.so.1: cannot open shared object file: No such file or directory
    at Module._extensions..node (node:internal/modules/cjs/loader:1651:18)
    at Module.load (node:internal/modules/cjs/loader:1275:32)
    at Module._load (node:internal/modules/cjs/loader:1096:12)
    at Module.require (node:internal/modules/cjs/loader:1298:19)
    at require (node:internal/modules/helpers:182:18)
    at Object.<anonymous> (/home/user/botfont-/node_modules/canvas/lib/bindings.js:3:18)
    at Module._compile (node:internal/modules/cjs/loader:1529:14)
    at Module._extensions..js (node:internal/modules/cjs/loader:1613:10)
    at Module.load (node:internal/modules/cjs/loader:1275:32)
    at Module._load (node:internal/modules/cjs/loader:1096:12)
    at Module.require (node:internal/modules/cjs/loader:1298:19)
    at require (node:internal/modules/helpers:182:18)
    at Object.<anonymous> (/home/user/botfont-/node_modules/canvas/lib/canvas.js:9:18)
    at Module._compile (node:internal/modules/cjs/loader:1529:14)
    at Module._extensions..js (node:internal/modules/cjs/loader:1613:10)
    at Module.load (node:internal/modules/cjs/loader:1275:32)
    at Module._load (node:internal/modules/cjs/loader:1096:12)
    at Module.require (node:internal/modules/cjs/loader:1298:19)
    at require (node:internal/modules/helpers:182:18)
    at Object.<anonymous> (/home/user/botfont-/node_modules/canvas/index.js:1:16)
    at Module._compile (node:internal/modules/cjs/loader:1529:14)
    at Module._extensions..js (node:internal/modules/cjs/loader:1613:10)
2026-01-01 01:53:03 [error]: uncaughtException: libuuid.so.1: cannot open shared object file: No such file or directory
Error: libuuid.so.1: cannot open shared object file: No such file or directory
    at Module._extensions..node (node:internal/modules/cjs/loader:1651:18)
    at Module.load (node:internal/modules/cjs/loader:1275:32)
    at Module._load (node:internal/modules/cjs/loader:1096:12)
    at Module.require (node:internal/modules/cjs/loader:1298:19)
    at require (node:internal/modules/helpers:182:18)
    at Object.<anonymous> (/home/user/botfont-/node_modules/canvas/lib/bindings.js:3:18)
    at Module._compile (node:internal/modules/cjs/loader:1529:14)
    at Module._extensions..js (node:internal/modules/cjs/loader:1613:10)
    at Module.load (node:internal/modules/cjs/loader:1275:32)
    at Module._load (node:internal/modules/cjs/loader:1096:12)
    at Module.require (node:internal/modules/cjs/loader:1298:19)
    at require (node:internal/modules/helpers:182:18)
    at Object.<anonymous> (/home/user/botfont-/node_modules/canvas/lib/canvas.js:9:18)
    at Module._compile (node:internal/modules/cjs/loader:1529:14)
    at Module._extensions..js (node:internal/modules/cjs/loader:1613:10)
    at Module.load (node:internal/modules/cjs/loader:1275:32)
    at Module._load (node:internal/modules/cjs/loader:1096:12)
    at Module.require (node:internal/modules/cjs/loader:1298:19)
    at require (node:internal/modules/helpers:182:18)
    at Object.<anonymous> (/home/user/botfont-/node_modules/canvas/index.js:1:16)
    at Module._compile (node:internal/modules/cjs/loader:1529:14)
    at Module._extensions..js (node:internal/modules/cjs/loader:1613:10)
    at Error: libuuid.so.1: cannot open shared object file: No such file or directory
    at Module._extensions..node (node:internal/modules/cjs/loader:1651:18)
    at Module.load (node:internal/modules/cjs/loader:1275:32)
    at Module._load (node:internal/modules/cjs/loader:1096:12)
    at Module.require (node:internal/modules/cjs/loader:1298:19)
    at require (node:internal/modules/helpers:182:18)
    at Object.<anonymous> (/home/user/botfont-/node_modules/canvas/lib/bindings.js:3:18)
    at Module._compile (node:internal/modules/cjs/loader:1529:14)
    at Module._extensions..js (node:internal/modules/cjs/loader:1613:10)
    at Module.load (node:internal/modules/cjs/loader:1275:32)
    at Module._load (node:internal/modules/cjs/loader:1096:12)
    at Module.require (node:internal/modules/cjs/loader:1298:19)
    at require (node:internal/modules/helpers:182:18)
    at Object.<anonymous> (/home/user/botfont-/node_modules/canvas/lib/canvas.js:9:18)
    at Module._compile (node:internal/modules/cjs/loader:1529:14)
    at Module._extensions..js (node:internal/modules/cjs/loader:1613:10)
    at Module.load (node:internal/modules/cjs/loader:1275:32)
    at Module._load (node:internal/modules/cjs/loader:1096:12)
    at Module.require (node:internal/modules/cjs/loader:1298:19)
    at require (node:internal/modules/helpers:182:18)
    at Object.<anonymous> (/home/user/botfont-/node_modules/canvas/index.js:1:16)
    at Module._compile (node:internal/modules/cjs/loader:1529:14)
    at Module._extensions..js (node:internal/modules/cjs/loader:1613:10)
2026-01-01 01:58:24 [error]: uncaughtException: Cannot find module 'canvas'
Require stack:
- /home/user/botfont-/services/imageService.js
- /home/user/botfont-/handlers/callbackHandler.js
- /home/user/botfont-/index.js
Error: Cannot find module 'canvas'
Require stack:
- /home/user/botfont-/services/imageService.js
- /home/user/botfont-/handlers/callbackHandler.js
- /home/user/botfont-/index.js
    at Module._resolveFilename (node:internal/modules/cjs/loader:1212:15)
    at Module._load (node:internal/modules/cjs/loader:1043:27)
    at Module.require (node:internal/modules/cjs/loader:1298:19)
    at require (node:internal/modules/helpers:182:18)
    at Object.<anonymous> (/home/user/botfont-/services/imageService.js:4:40)
    at Module._compile (node:internal/modules/cjs/loader:1529:14)
    at Module._extensions..js (node:internal/modules/cjs/loader:1613:10)
    at Module.load (node:internal/modules/cjs/loader:1275:32)
    at Module._load (node:internal/modules/cjs/loader:1096:12)
    at Module.require (node:internal/modules/cjs/loader:1298:19)
    at require (node:internal/modules/helpers:182:18)
    at Object.<anonymous> (/home/user/botfont-/handlers/callbackHandler.js:6:33)
    at Module._compile (node:internal/modules/cjs/loader:1529:14)
    at Module._extensions..js (node:internal/modules/cjs/loader:1613:10)
    at Module.load (node:internal/modules/cjs/loader:1275:32)
    at Module._load (node:internal/modules/cjs/loader:1096:12)
    at Module.require (node:internal/modules/cjs/loader:1298:19)
    at require (node:internal/modules/helpers:182:18)
    at Object.<anonymous> (/home/user/botfont-/index.js:14:25)
    at Module._compile (node:internal/modules/cjs/loader:1529:14)
    at Module._extensions..js (node:internal/modules/cjs/loader:1613:10)
    at Module.load (node:internal/modules/cjs/loader:1275:32)
    at Error: Cannot find module 'canvas'
    at Require stack:
    at - /home/user/botfont-/services/imageService.js
    at - /home/user/botfont-/handlers/callbackHandler.js
    at - /home/user/botfont-/index.js
    at Module._resolveFilename (node:internal/modules/cjs/loader:1212:15)
    at Module._load (node:internal/modules/cjs/loader:1043:27)
    at Module.require (node:internal/modules/cjs/loader:1298:19)
    at require (node:internal/modules/helpers:182:18)
    at Object.<anonymous> (/home/user/botfont-/services/imageService.js:4:40)
    at Module._compile (node:internal/modules/cjs/loader:1529:14)
    at Module._extensions..js (node:internal/modules/cjs/loader:1613:10)
    at Module.load (node:internal/modules/cjs/loader:1275:32)
    at Module._load (node:internal/modules/cjs/loader:1096:12)
    at Module.require (node:internal/modules/cjs/loader:1298:19)
    at require (node:internal/modules/helpers:182:18)
    at Object.<anonymous> (/home/user/botfont-/handlers/callbackHandler.js:6:33)
    at Module._compile (node:internal/modules/cjs/loader:1529:14)
    at Module._extensions..js (node:internal/modules/cjs/loader:1613:10)
    at Module.load (node:internal/modules/cjs/loader:1275:32)
    at Module._load (node:internal/modules/cjs/loader:1096:12)
    at Module.require (node:internal/modules/cjs/loader:1298:19)
    at require (node:internal/modules/helpers:182:18)
    at Object.<anonymous> (/home/user/botfont-/index.js:14:25)
    at Module._compile (node:internal/modules/cjs/loader:1529:14)
    at Module._extensions..js (node:internal/modules/cjs/loader:1613:10)
    at Module.load (node:internal/modules/cjs/loader:1275:32)
2026-01-01 01:59:46 [error]: uncaughtException: libuuid.so.1: cannot open shared object file: No such file or directory
Error: libuuid.so.1: cannot open shared object file: No such file or directory
    at Module._extensions..node (node:internal/modules/cjs/loader:1651:18)
    at Module.load (node:internal/modules/cjs/loader:1275:32)
    at Module._load (node:internal/modules/cjs/loader:1096:12)
    at Module.require (node:internal/modules/cjs/loader:1298:19)
    at require (node:internal/modules/helpers:182:18)
    at Object.<anonymous> (/home/user/botfont-/node_modules/canvas/lib/bindings.js:3:18)
    at Module._compile (node:internal/modules/cjs/loader:1529:14)
    at Module._extensions..js (node:internal/modules/cjs/loader:1613:10)
    at Module.load (node:internal/modules/cjs/loader:1275:32)
    at Module._load (node:internal/modules/cjs/loader:1096:12)
    at Module.require (node:internal/modules/cjs/loader:1298:19)
    at require (node:internal/modules/helpers:182:18)
    at Object.<anonymous> (/home/user/botfont-/node_modules/canvas/lib/canvas.js:9:18)
    at Module._compile (node:internal/modules/cjs/loader:1529:14)
    at Module._extensions..js (node:internal/modules/cjs/loader:1613:10)
    at Module.load (node:internal/modules/cjs/loader:1275:32)
    at Module._load (node:internal/modules/cjs/loader:1096:12)
    at Module.require (node:internal/modules/cjs/loader:1298:19)
    at require (node:internal/modules/helpers:182:18)
    at Object.<anonymous> (/home/user/botfont-/node_modules/canvas/index.js:1:16)
    at Module._compile (node:internal/modules/cjs/loader:1529:14)
    at Module._extensions..js (node:internal/modules/cjs/loader:1613:10)
    at Error: libuuid.so.1: cannot open shared object file: No such file or directory
    at Module._extensions..node (node:internal/modules/cjs/loader:1651:18)
    at Module.load (node:internal/modules/cjs/loader:1275:32)
    at Module._load (node:internal/modules/cjs/loader:1096:12)
    at Module.require (node:internal/modules/cjs/loader:1298:19)
    at require (node:internal/modules/helpers:182:18)
    at Object.<anonymous> (/home/user/botfont-/node_modules/canvas/lib/bindings.js:3:18)
    at Module._compile (node:internal/modules/cjs/loader:1529:14)
    at Module._extensions..js (node:internal/modules/cjs/loader:1613:10)
    at Module.load (node:internal/modules/cjs/loader:1275:32)
    at Module._load (node:internal/modules/cjs/loader:1096:12)
    at Module.require (node:internal/modules/cjs/loader:1298:19)
    at require (node:internal/modules/helpers:182:18)
    at Object.<anonymous> (/home/user/botfont-/node_modules/canvas/lib/canvas.js:9:18)
    at Module._compile (node:internal/modules/cjs/loader:1529:14)
    at Module._extensions..js (node:internal/modules/cjs/loader:1613:10)
    at Module.load (node:internal/modules/cjs/loader:1275:32)
    at Module._load (node:internal/modules/cjs/loader:1096:12)
    at Module.require (node:internal/modules/cjs/loader:1298:19)
    at require (node:internal/modules/helpers:182:18)
    at Object.<anonymous> (/home/user/botfont-/node_modules/canvas/index.js:1:16)
    at Module._compile (node:internal/modules/cjs/loader:1529:14)
    at Module._extensions..js (node:internal/modules/cjs/loader:1613:10)
2026-01-01 02:02:29 [error]: uncaughtException: libuuid.so.1: cannot open shared object file: No such file or directory
Error: libuuid.so.1: cannot open shared object file: No such file or directory
    at Module._extensions..node (node:internal/modules/cjs/loader:1651:18)
    at Module.load (node:internal/modules/cjs/loader:1275:32)
    at Module._load (node:internal/modules/cjs/loader:1096:12)
    at Module.require (node:internal/modules/cjs/loader:1298:19)
    at require (node:internal/modules/helpers:182:18)
    at Object.<anonymous> (/home/user/botfont-/node_modules/canvas/lib/bindings.js:3:18)
    at Module._compile (node:internal/modules/cjs/loader:1529:14)
    at Module._extensions..js (node:internal/modules/cjs/loader:1613:10)
    at Module.load (node:internal/modules/cjs/loader:1275:32)
    at Module._load (node:internal/modules/cjs/loader:1096:12)
    at Module.require (node:internal/modules/cjs/loader:1298:19)
    at require (node:internal/modules/helpers:182:18)
    at Object.<anonymous> (/home/user/botfont-/node_modules/canvas/lib/canvas.js:9:18)
    at Module._compile (node:internal/modules/cjs/loader:1529:14)
    at Module._extensions..js (node:internal/modules/cjs/loader:1613:10)
    at Module.load (node:internal/modules/cjs/loader:1275:32)
    at Module._load (node:internal/modules/cjs/loader:1096:12)
    at Module.require (node:internal/modules/cjs/loader:1298:19)
    at require (node:internal/modules/helpers:182:18)
    at Object.<anonymous> (/home/user/botfont-/node_modules/canvas/index.js:1:16)
    at Module._compile (node:internal/modules/cjs/loader:1529:14)
    at Module._extensions..js (node:internal/modules/cjs/loader:1613:10)
    at Error: libuuid.so.1: cannot open shared object file: No such file or directory
    at Module._extensions..node (node:internal/modules/cjs/loader:1651:18)
    at Module.load (node:internal/modules/cjs/loader:1275:32)
    at Module._load (node:internal/modules/cjs/loader:1096:12)
    at Module.require (node:internal/modules/cjs/loader:1298:19)
    at require (node:internal/modules/helpers:182:18)
    at Object.<anonymous> (/home/user/botfont-/node_modules/canvas/lib/bindings.js:3:18)
    at Module._compile (node:internal/modules/cjs/loader:1529:14)
    at Module._extensions..js (node:internal/modules/cjs/loader:1613:10)
    at Module.load (node:internal/modules/cjs/loader:1275:32)
    at Module._load (node:internal/modules/cjs/loader:1096:12)
    at Module.require (node:internal/modules/cjs/loader:1298:19)
    at require (node:internal/modules/helpers:182:18)
    at Object.<anonymous> (/home/user/botfont-/node_modules/canvas/lib/canvas.js:9:18)
    at Module._compile (node:internal/modules/cjs/loader:1529:14)
    at Module._extensions..js (node:internal/modules/cjs/loader:1613:10)
    at Module.load (node:internal/modules/cjs/loader:1275:32)
    at Module._load (node:internal/modules/cjs/loader:1096:12)
    at Module.require (node:internal/modules/cjs/loader:1298:19)
    at require (node:internal/modules/helpers:182:18)
    at Object.<anonymous> (/home/user/botfont-/node_modules/canvas/index.js:1:16)
    at Module._compile (node:internal/modules/cjs/loader:1529:14)
    at Module._extensions..js (node:internal/modules/cjs/loader:1613:10)
2026-01-01 02:26:02 [error]: uncaughtException: libuuid.so.1: cannot open shared object file: No such file or directory
Error: libuuid.so.1: cannot open shared object file: No such file or directory
    at Module._extensions..node (node:internal/modules/cjs/loader:1651:18)
    at Module.load (node:internal/modules/cjs/loader:1275:32)
    at Module._load (node:internal/modules/cjs/loader:1096:12)
    at Module.require (node:internal/modules/cjs/loader:1298:19)
    at require (node:internal/modules/helpers:182:18)
    at Object.<anonymous> (/home/user/botfont-/node_modules/canvas/lib/bindings.js:3:18)
    at Module._compile (node:internal/modules/cjs/loader:1529:14)
    at Module._extensions..js (node:internal/modules/cjs/loader:1613:10)
    at Module.load (node:internal/modules/cjs/loader:1275:32)
    at Module._load (node:internal/modules/cjs/loader:1096:12)
    at Module.require (node:internal/modules/cjs/loader:1298:19)
    at require (node:internal/modules/helpers:182:18)
    at Object.<anonymous> (/home/user/botfont-/node_modules/canvas/lib/canvas.js:9:18)
    at Module._compile (node:internal/modules/cjs/loader:1529:14)
    at Module._extensions..js (node:internal/modules/cjs/loader:1613:10)
    at Module.load (node:internal/modules/cjs/loader:1275:32)
    at Module._load (node:internal/modules/cjs/loader:1096:12)
    at Module.require (node:internal/modules/cjs/loader:1298:19)
    at require (node:internal/modules/helpers:182:18)
    at Object.<anonymous> (/home/user/botfont-/node_modules/canvas/index.js:1:16)
    at Module._compile (node:internal/modules/cjs/loader:1529:14)
    at Module._extensions..js (node:internal/modules/cjs/loader:1613:10)
    at Error: libuuid.so.1: cannot open shared object file: No such file or directory
    at Module._extensions..node (node:internal/modules/cjs/loader:1651:18)
    at Module.load (node:internal/modules/cjs/loader:1275:32)
    at Module._load (node:internal/modules/cjs/loader:1096:12)
    at Module.require (node:internal/modules/cjs/loader:1298:19)
    at require (node:internal/modules/helpers:182:18)
    at Object.<anonymous> (/home/user/botfont-/node_modules/canvas/lib/bindings.js:3:18)
    at Module._compile (node:internal/modules/cjs/loader:1529:14)
    at Module._extensions..js (node:internal/modules/cjs/loader:1613:10)
    at Module.load (node:internal/modules/cjs/loader:1275:32)
    at Module._load (node:internal/modules/cjs/loader:1096:12)
    at Module.require (node:internal/modules/cjs/loader:1298:19)
    at require (node:internal/modules/helpers:182:18)
    at Object.<anonymous> (/home/user/botfont-/node_modules/canvas/lib/canvas.js:9:18)
    at Module._compile (node:internal/modules/cjs/loader:1529:14)
    at Module._extensions..js (node:internal/modules/cjs/loader:1613:10)
    at Module.load (node:internal/modules/cjs/loader:1275:32)
    at Module._load (node:internal/modules/cjs/loader:1096:12)
    at Module.require (node:internal/modules/cjs/loader:1298:19)
    at require (node:internal/modules/helpers:182:18)
    at Object.<anonymous> (/home/user/botfont-/node_modules/canvas/index.js:1:16)
    at Module._compile (node:internal/modules/cjs/loader:1529:14)
    at Module._extensions..js (node:internal/modules/cjs/loader:1613:10)
2026-01-01 03:14:16 [error]: uncaughtException: libuuid.so.1: cannot open shared object file: No such file or directory
Error: libuuid.so.1: cannot open shared object file: No such file or directory
    at Module._extensions..node (node:internal/modules/cjs/loader:1651:18)
    at Module.load (node:internal/modules/cjs/loader:1275:32)
    at Module._load (node:internal/modules/cjs/loader:1096:12)
    at Module.require (node:internal/modules/cjs/loader:1298:19)
    at require (node:internal/modules/helpers:182:18)
    at Object.<anonymous> (/home/user/botfont-/node_modules/canvas/lib/bindings.js:3:18)
    at Module._compile (node:internal/modules/cjs/loader:1529:14)
    at Module._extensions..js (node:internal/modules/cjs/loader:1613:10)
    at Module.load (node:internal/modules/cjs/loader:1275:32)
    at Module._load (node:internal/modules/cjs/loader:1096:12)
    at Module.require (node:internal/modules/cjs/loader:1298:19)
    at require (node:internal/modules/helpers:182:18)
    at Object.<anonymous> (/home/user/botfont-/node_modules/canvas/lib/canvas.js:9:18)
    at Module._compile (node:internal/modules/cjs/loader:1529:14)
    at Module._extensions..js (node:internal/modules/cjs/loader:1613:10)
    at Module.load (node:internal/modules/cjs/loader:1275:32)
    at Module._load (node:internal/modules/cjs/loader:1096:12)
    at Module.require (node:internal/modules/cjs/loader:1298:19)
    at require (node:internal/modules/helpers:182:18)
    at Object.<anonymous> (/home/user/botfont-/node_modules/canvas/index.js:1:16)
    at Module._compile (node:internal/modules/cjs/loader:1529:14)
    at Module._extensions..js (node:internal/modules/cjs/loader:1613:10)
    at Error: libuuid.so.1: cannot open shared object file: No such file or directory
    at Module._extensions..node (node:internal/modules/cjs/loader:1651:18)
    at Module.load (node:internal/modules/cjs/loader:1275:32)
    at Module._load (node:internal/modules/cjs/loader:1096:12)
    at Module.require (node:internal/modules/cjs/loader:1298:19)
    at require (node:internal/modules/helpers:182:18)
    at Object.<anonymous> (/home/user/botfont-/node_modules/canvas/lib/bindings.js:3:18)
    at Module._compile (node:internal/modules/cjs/loader:1529:14)
    at Module._extensions..js (node:internal/modules/cjs/loader:1613:10)
    at Module.load (node:internal/modules/cjs/loader:1275:32)
    at Module._load (node:internal/modules/cjs/loader:1096:12)
    at Module.require (node:internal/modules/cjs/loader:1298:19)
    at require (node:internal/modules/helpers:182:18)
    at Object.<anonymous> (/home/user/botfont-/node_modules/canvas/lib/canvas.js:9:18)
    at Module._compile (node:internal/modules/cjs/loader:1529:14)
    at Module._extensions..js (node:internal/modules/cjs/loader:1613:10)
    at Module.load (node:internal/modules/cjs/loader:1275:32)
    at Module._load (node:internal/modules/cjs/loader:1096:12)
    at Module.require (node:internal/modules/cjs/loader:1298:19)
    at require (node:internal/modules/helpers:182:18)
    at Object.<anonymous> (/home/user/botfont-/node_modules/canvas/index.js:1:16)
    at Module._compile (node:internal/modules/cjs/loader:1529:14)
    at Module._extensions..js (node:internal/modules/cjs/loader:1613:10)
2026-01-01 04:19:21 [error]: uncaughtException: libuuid.so.1: cannot open shared object file: No such file or directory
Error: libuuid.so.1: cannot open shared object file: No such file or directory
    at Module._extensions..node (node:internal/modules/cjs/loader:1651:18)
    at Module.load (node:internal/modules/cjs/loader:1275:32)
    at Module._load (node:internal/modules/cjs/loader:1096:12)
    at Module.require (node:internal/modules/cjs/loader:1298:19)
    at require (node:internal/modules/helpers:182:18)
    at Object.<anonymous> (/home/user/botfont-/node_modules/canvas/lib/bindings.js:3:18)
    at Module._compile (node:internal/modules/cjs/loader:1529:14)
    at Module._extensions..js (node:internal/modules/cjs/loader:1613:10)
    at Module.load (node:internal/modules/cjs/loader:1275:32)
    at Module._load (node:internal/modules/cjs/loader:1096:12)
    at Module.require (node:internal/modules/cjs/loader:1298:19)
    at require (node:internal/modules/helpers:182:18)
    at Object.<anonymous> (/home/user/botfont-/node_modules/canvas/lib/canvas.js:9:18)
    at Module._compile (node:internal/modules/cjs/loader:1529:14)
    at Module._extensions..js (node:internal/modules/cjs/loader:1613:10)
    at Module.load (node:internal/modules/cjs/loader:1275:32)
    at Module._load (node:internal/modules/cjs/loader:1096:12)
    at Module.require (node:internal/modules/cjs/loader:1298:19)
    at require (node:internal/modules/helpers:182:18)
    at Object.<anonymous> (/home/user/botfont-/node_modules/canvas/index.js:1:16)
    at Module._compile (node:internal/modules/cjs/loader:1529:14)
    at Module._extensions..js (node:internal/modules/cjs/loader:1613:10)
    at Error: libuuid.so.1: cannot open shared object file: No such file or directory
    at Module._extensions..node (node:internal/modules/cjs/loader:1651:18)
    at Module.load (node:internal/modules/cjs/loader:1275:32)
    at Module._load (node:internal/modules/cjs/loader:1096:12)
    at Module.require (node:internal/modules/cjs/loader:1298:19)
    at require (node:internal/modules/helpers:182:18)
    at Object.<anonymous> (/home/user/botfont-/node_modules/canvas/lib/bindings.js:3:18)
    at Module._compile (node:internal/modules/cjs/loader:1529:14)
    at Module._extensions..js (node:internal/modules/cjs/loader:1613:10)
    at Module.load (node:internal/modules/cjs/loader:1275:32)
    at Module._load (node:internal/modules/cjs/loader:1096:12)
    at Module.require (node:internal/modules/cjs/loader:1298:19)
    at require (node:internal/modules/helpers:182:18)
    at Object.<anonymous> (/home/user/botfont-/node_modules/canvas/lib/canvas.js:9:18)
    at Module._compile (node:internal/modules/cjs/loader:1529:14)
    at Module._extensions..js (node:internal/modules/cjs/loader:1613:10)
    at Module.load (node:internal/modules/cjs/loader:1275:32)
    at Module._load (node:internal/modules/cjs/loader:1096:12)
    at Module.require (node:internal/modules/cjs/loader:1298:19)
    at require (node:internal/modules/helpers:182:18)
    at Object.<anonymous> (/home/user/botfont-/node_modules/canvas/index.js:1:16)
    at Module._compile (node:internal/modules/cjs/loader:1529:14)
    at Module._extensions..js (node:internal/modules/cjs/loader:1613:10)
2026-01-01 04:21:28 [error]: uncaughtException: libuuid.so.1: cannot open shared object file: No such file or directory
Error: libuuid.so.1: cannot open shared object file: No such file or directory
    at Module._extensions..node (node:internal/modules/cjs/loader:1651:18)
    at Module.load (node:internal/modules/cjs/loader:1275:32)
    at Module._load (node:internal/modules/cjs/loader:1096:12)
    at Module.require (node:internal/modules/cjs/loader:1298:19)
    at require (node:internal/modules/helpers:182:18)
    at Object.<anonymous> (/home/user/botfont-/node_modules/canvas/lib/bindings.js:3:18)
    at Module._compile (node:internal/modules/cjs/loader:1529:14)
    at Module._extensions..js (node:internal/modules/cjs/loader:1613:10)
    at Module.load (node:internal/modules/cjs/loader:1275:32)
    at Module._load (node:internal/modules/cjs/loader:1096:12)
    at Module.require (node:internal/modules/cjs/loader:1298:19)
    at require (node:internal/modules/helpers:182:18)
    at Object.<anonymous> (/home/user/botfont-/node_modules/canvas/lib/canvas.js:9:18)
    at Module._compile (node:internal/modules/cjs/loader:1529:14)
    at Module._extensions..js (node:internal/modules/cjs/loader:1613:10)
    at Module.load (node:internal/modules/cjs/loader:1275:32)
    at Module._load (node:internal/modules/cjs/loader:1096:12)
    at Module.require (node:internal/modules/cjs/loader:1298:19)
    at require (node:internal/modules/helpers:182:18)
    at Object.<anonymous> (/home/user/botfont-/node_modules/canvas/index.js:1:16)
    at Module._compile (node:internal/modules/cjs/loader:1529:14)
    at Module._extensions..js (node:internal/modules/cjs/loader:1613:10)
    at Error: libuuid.so.1: cannot open shared object file: No such file or directory
    at Module._extensions..node (node:internal/modules/cjs/loader:1651:18)
    at Module.load (node:internal/modules/cjs/loader:1275:32)
    at Module._load (node:internal/modules/cjs/loader:1096:12)
    at Module.require (node:internal/modules/cjs/loader:1298:19)
    at require (node:internal/modules/helpers:182:18)
    at Object.<anonymous> (/home/user/botfont-/node_modules/canvas/lib/bindings.js:3:18)
    at Module._compile (node:internal/modules/cjs/loader:1529:14)
    at Module._extensions..js (node:internal/modules/cjs/loader:1613:10)
    at Module.load (node:internal/modules/cjs/loader:1275:32)
    at Module._load (node:internal/modules/cjs/loader:1096:12)
    at Module.require (node:internal/modules/cjs/loader:1298:19)
    at require (node:internal/modules/helpers:182:18)
    at Object.<anonymous> (/home/user/botfont-/node_modules/canvas/lib/canvas.js:9:18)
    at Module._compile (node:internal/modules/cjs/loader:1529:14)
    at Module._extensions..js (node:internal/modules/cjs/loader:1613:10)
    at Module.load (node:internal/modules/cjs/loader:1275:32)
    at Module._load (node:internal/modules/cjs/loader:1096:12)
    at Module.require (node:internal/modules/cjs/loader:1298:19)
    at require (node:internal/modules/helpers:182:18)
    at Object.<anonymous> (/home/user/botfont-/node_modules/canvas/index.js:1:16)
    at Module._compile (node:internal/modules/cjs/loader:1529:14)
    at Module._extensions..js (node:internal/modules/cjs/loader:1613:10)
2026-01-01 04:43:41 [error]: uncaughtException: libuuid.so.1: cannot open shared object file: No such file or directory
Error: libuuid.so.1: cannot open shared object file: No such file or directory
    at Module._extensions..node (node:internal/modules/cjs/loader:1651:18)
    at Module.load (node:internal/modules/cjs/loader:1275:32)
    at Module._load (node:internal/modules/cjs/loader:1096:12)
    at Module.require (node:internal/modules/cjs/loader:1298:19)
    at require (node:internal/modules/helpers:182:18)
    at Object.<anonymous> (/home/user/botfont-/node_modules/canvas/lib/bindings.js:3:18)
    at Module._compile (node:internal/modules/cjs/loader:1529:14)
    at Module._extensions..js (node:internal/modules/cjs/loader:1613:10)
    at Module.load (node:internal/modules/cjs/loader:1275:32)
    at Module._load (node:internal/modules/cjs/loader:1096:12)
    at Module.require (node:internal/modules/cjs/loader:1298:19)
    at require (node:internal/modules/helpers:182:18)
    at Object.<anonymous> (/home/user/botfont-/node_modules/canvas/lib/canvas.js:9:18)
    at Module._compile (node:internal/modules/cjs/loader:1529:14)
    at Module._extensions..js (node:internal/modules/cjs/loader:1613:10)
    at Module.load (node:internal/modules/cjs/loader:1275:32)
    at Module._load (node:internal/modules/cjs/loader:1096:12)
    at Module.require (node:internal/modules/cjs/loader:1298:19)
    at require (node:internal/modules/helpers:182:18)
    at Object.<anonymous> (/home/user/botfont-/node_modules/canvas/index.js:1:16)
    at Module._compile (node:internal/modules/cjs/loader:1529:14)
    at Module._extensions..js (node:internal/modules/cjs/loader:1613:10)
    at Error: libuuid.so.1: cannot open shared object file: No such file or directory
    at Module._extensions..node (node:internal/modules/cjs/loader:1651:18)
    at Module.load (node:internal/modules/cjs/loader:1275:32)
    at Module._load (node:internal/modules/cjs/loader:1096:12)
    at Module.require (node:internal/modules/cjs/loader:1298:19)
    at require (node:internal/modules/helpers:182:18)
    at Object.<anonymous> (/home/user/botfont-/node_modules/canvas/lib/bindings.js:3:18)
    at Module._compile (node:internal/modules/cjs/loader:1529:14)
    at Module._extensions..js (node:internal/modules/cjs/loader:1613:10)
    at Module.load (node:internal/modules/cjs/loader:1275:32)
    at Module._load (node:internal/modules/cjs/loader:1096:12)
    at Module.require (node:internal/modules/cjs/loader:1298:19)
    at require (node:internal/modules/helpers:182:18)
    at Object.<anonymous> (/home/user/botfont-/node_modules/canvas/lib/canvas.js:9:18)
    at Module._compile (node:internal/modules/cjs/loader:1529:14)
    at Module._extensions..js (node:internal/modules/cjs/loader:1613:10)
    at Module.load (node:internal/modules/cjs/loader:1275:32)
    at Module._load (node:internal/modules/cjs/loader:1096:12)
    at Module.require (node:internal/modules/cjs/loader:1298:19)
    at require (node:internal/modules/helpers:182:18)
    at Object.<anonymous> (/home/user/botfont-/node_modules/canvas/index.js:1:16)
    at Module._compile (node:internal/modules/cjs/loader:1529:14)
    at Module._extensions..js (node:internal/modules/cjs/loader:1613:10)
2026-01-01 04:44:39 [error]: uncaughtException: libuuid.so.1: cannot open shared object file: No such file or directory
Error: libuuid.so.1: cannot open shared object file: No such file or directory
    at Module._extensions..node (node:internal/modules/cjs/loader:1651:18)
    at Module.load (node:internal/modules/cjs/loader:1275:32)
    at Module._load (node:internal/modules/cjs/loader:1096:12)
    at Module.require (node:internal/modules/cjs/loader:1298:19)
    at require (node:internal/modules/helpers:182:18)
    at Object.<anonymous> (/home/user/botfont-/node_modules/canvas/lib/bindings.js:3:18)
    at Module._compile (node:internal/modules/cjs/loader:1529:14)
    at Module._extensions..js (node:internal/modules/cjs/loader:1613:10)
    at Module.load (node:internal/modules/cjs/loader:1275:32)
    at Module._load (node:internal/modules/cjs/loader:1096:12)
    at Module.require (node:internal/modules/cjs/loader:1298:19)
    at require (node:internal/modules/helpers:182:18)
    at Object.<anonymous> (/home/user/botfont-/node_modules/canvas/lib/canvas.js:9:18)
    at Module._compile (node:internal/modules/cjs/loader:1529:14)
    at Module._extensions..js (node:internal/modules/cjs/loader:1613:10)
    at Module.load (node:internal/modules/cjs/loader:1275:32)
    at Module._load (node:internal/modules/cjs/loader:1096:12)
    at Module.require (node:internal/modules/cjs/loader:1298:19)
    at require (node:internal/modules/helpers:182:18)
    at Object.<anonymous> (/home/user/botfont-/node_modules/canvas/index.js:1:16)
    at Module._compile (node:internal/modules/cjs/loader:1529:14)
    at Module._extensions..js (node:internal/modules/cjs/loader:1613:10)
    at Error: libuuid.so.1: cannot open shared object file: No such file or directory
    at Module._extensions..node (node:internal/modules/cjs/loader:1651:18)
    at Module.load (node:internal/modules/cjs/loader:1275:32)
    at Module._load (node:internal/modules/cjs/loader:1096:12)
    at Module.require (node:internal/modules/cjs/loader:1298:19)
    at require (node:internal/modules/helpers:182:18)
    at Object.<anonymous> (/home/user/botfont-/node_modules/canvas/lib/bindings.js:3:18)
    at Module._compile (node:internal/modules/cjs/loader:1529:14)
    at Module._extensions..js (node:internal/modules/cjs/loader:1613:10)
    at Module.load (node:internal/modules/cjs/loader:1275:32)
    at Module._load (node:internal/modules/cjs/loader:1096:12)
    at Module.require (node:internal/modules/cjs/loader:1298:19)
    at require (node:internal/modules/helpers:182:18)
    at Object.<anonymous> (/home/user/botfont-/node_modules/canvas/lib/canvas.js:9:18)
    at Module._compile (node:internal/modules/cjs/loader:1529:14)
    at Module._extensions..js (node:internal/modules/cjs/loader:1613:10)
    at Module.load (node:internal/modules/cjs/loader:1275:32)
    at Module._load (node:internal/modules/cjs/loader:1096:12)
    at Module.require (node:internal/modules/cjs/loader:1298:19)
    at require (node:internal/modules/helpers:182:18)
    at Object.<anonymous> (/home/user/botfont-/node_modules/canvas/index.js:1:16)
    at Module._compile (node:internal/modules/cjs/loader:1529:14)
    at Module._extensions..js (node:internal/modules/cjs/loader:1613:10)
2026-01-01 04:50:19 [error]: uncaughtException: require() of ES Module /home/user/botfont-/node_modules/lowdb/lib/index.js from /home/user/botfont-/services/dbService.js not supported.
Instead change the require of index.js in /home/user/botfont-/services/dbService.js to a dynamic import() which is available in all CommonJS modules.
Error [ERR_REQUIRE_ESM]: require() of ES Module /home/user/botfont-/node_modules/lowdb/lib/index.js from /home/user/botfont-/services/dbService.js not supported.
Instead change the require of index.js in /home/user/botfont-/services/dbService.js to a dynamic import() which is available in all CommonJS modules.
    at Object.<anonymous> (/home/user/botfont-/services/dbService.js:3:17)
    at Object.<anonymous> (/home/user/botfont-/index.js:5:12)
    at Error [ERR_REQUIRE_ESM]: require() of ES Module /home/user/botfont-/node_modules/lowdb/lib/index.js from /home/user/botfont-/services/dbService.js not supported.
    at Instead change the require of index.js in /home/user/botfont-/services/dbService.js to a dynamic import() which is available in all CommonJS modules.
    at Object.<anonymous> (/home/user/botfont-/services/dbService.js:3:17)
    at Object.<anonymous> (/home/user/botfont-/index.js:5:12)
2026-01-01 04:51:32 [error]: uncaughtException: require() of ES Module /home/user/botfont-/node_modules/lowdb/lib/index.js from /home/user/botfont-/services/dbService.js not supported.
Instead change the require of index.js in /home/user/botfont-/services/dbService.js to a dynamic import() which is available in all CommonJS modules.
Error [ERR_REQUIRE_ESM]: require() of ES Module /home/user/botfont-/node_modules/lowdb/lib/index.js from /home/user/botfont-/services/dbService.js not supported.
Instead change the require of index.js in /home/user/botfont-/services/dbService.js to a dynamic import() which is available in all CommonJS modules.
    at Object.<anonymous> (/home/user/botfont-/services/dbService.js:3:17)
    at Object.<anonymous> (/home/user/botfont-/index.js:5:12)
    at Error [ERR_REQUIRE_ESM]: require() of ES Module /home/user/botfont-/node_modules/lowdb/lib/index.js from /home/user/botfont-/services/dbService.js not supported.
    at Instead change the require of index.js in /home/user/botfont-/services/dbService.js to a dynamic import() which is available in all CommonJS modules.
    at Object.<anonymous> (/home/user/botfont-/services/dbService.js:3:17)
    at Object.<anonymous> (/home/user/botfont-/index.js:5:12)
2026-01-01 04:56:03 [error]: uncaughtException: require() of ES Module /home/user/botfont-/node_modules/lowdb/lib/index.js from /home/user/botfont-/services/dbService.js not supported.
Instead change the require of index.js in /home/user/botfont-/services/dbService.js to a dynamic import() which is available in all CommonJS modules.
Error [ERR_REQUIRE_ESM]: require() of ES Module /home/user/botfont-/node_modules/lowdb/lib/index.js from /home/user/botfont-/services/dbService.js not supported.
Instead change the require of index.js in /home/user/botfont-/services/dbService.js to a dynamic import() which is available in all CommonJS modules.
    at Object.<anonymous> (/home/user/botfont-/services/dbService.js:3:17)
    at Object.<anonymous> (/home/user/botfont-/index.js:5:12)
    at Error [ERR_REQUIRE_ESM]: require() of ES Module /home/user/botfont-/node_modules/lowdb/lib/index.js from /home/user/botfont-/services/dbService.js not supported.
    at Instead change the require of index.js in /home/user/botfont-/services/dbService.js to a dynamic import() which is available in all CommonJS modules.
    at Object.<anonymous> (/home/user/botfont-/services/dbService.js:3:17)
    at Object.<anonymous> (/home/user/botfont-/index.js:5:12)
2026-01-01 04:56:12 [error]: uncaughtException: require() of ES Module /home/user/botfont-/node_modules/lowdb/lib/index.js from /home/user/botfont-/services/dbService.js not supported.
Instead change the require of index.js in /home/user/botfont-/services/dbService.js to a dynamic import() which is available in all CommonJS modules.
Error [ERR_REQUIRE_ESM]: require() of ES Module /home/user/botfont-/node_modules/lowdb/lib/index.js from /home/user/botfont-/services/dbService.js not supported.
Instead change the require of index.js in /home/user/botfont-/services/dbService.js to a dynamic import() which is available in all CommonJS modules.
    at Object.<anonymous> (/home/user/botfont-/services/dbService.js:3:17)
    at Object.<anonymous> (/home/user/botfont-/index.js:5:12)
    at Error [ERR_REQUIRE_ESM]: require() of ES Module /home/user/botfont-/node_modules/lowdb/lib/index.js from /home/user/botfont-/services/dbService.js not supported.
    at Instead change the require of index.js in /home/user/botfont-/services/dbService.js to a dynamic import() which is available in all CommonJS modules.
    at Object.<anonymous> (/home/user/botfont-/services/dbService.js:3:17)
    at Object.<anonymous> (/home/user/botfont-/index.js:5:12)
2026-01-01 04:58:16 [error]: uncaughtException: require() of ES Module /home/user/botfont-/node_modules/lowdb/lib/index.js from /home/user/botfont-/services/dbService.js not supported.
Instead change the require of index.js in /home/user/botfont-/services/dbService.js to a dynamic import() which is available in all CommonJS modules.
Error [ERR_REQUIRE_ESM]: require() of ES Module /home/user/botfont-/node_modules/lowdb/lib/index.js from /home/user/botfont-/services/dbService.js not supported.
Instead change the require of index.js in /home/user/botfont-/services/dbService.js to a dynamic import() which is available in all CommonJS modules.
    at Object.<anonymous> (/home/user/botfont-/services/dbService.js:3:17)
    at Object.<anonymous> (/home/user/botfont-/index.js:5:12)
    at Error [ERR_REQUIRE_ESM]: require() of ES Module /home/user/botfont-/node_modules/lowdb/lib/index.js from /home/user/botfont-/services/dbService.js not supported.
    at Instead change the require of index.js in /home/user/botfont-/services/dbService.js to a dynamic import() which is available in all CommonJS modules.
    at Object.<anonymous> (/home/user/botfont-/services/dbService.js:3:17)
    at Object.<anonymous> (/home/user/botfont-/index.js:5:12)
2026-01-01 04:59:13 [error]: uncaughtException: require() of ES Module /home/user/botfont-/node_modules/lowdb/lib/index.js from /home/user/botfont-/services/dbService.js not supported.
Instead change the require of index.js in /home/user/botfont-/services/dbService.js to a dynamic import() which is available in all CommonJS modules.
Error [ERR_REQUIRE_ESM]: require() of ES Module /home/user/botfont-/node_modules/lowdb/lib/index.js from /home/user/botfont-/services/dbService.js not supported.
Instead change the require of index.js in /home/user/botfont-/services/dbService.js to a dynamic import() which is available in all CommonJS modules.
    at Object.<anonymous> (/home/user/botfont-/services/dbService.js:3:17)
    at Object.<anonymous> (/home/user/botfont-/index.js:5:12)
    at Error [ERR_REQUIRE_ESM]: require() of ES Module /home/user/botfont-/node_modules/lowdb/lib/index.js from /home/user/botfont-/services/dbService.js not supported.
    at Instead change the require of index.js in /home/user/botfont-/services/dbService.js to a dynamic import() which is available in all CommonJS modules.
    at Object.<anonymous> (/home/user/botfont-/services/dbService.js:3:17)
    at Object.<anonymous> (/home/user/botfont-/index.js:5:12)
